2022-09-14 23:12:06,867 INFO  Main: Начало скачек. Количество участников: 7
2022-09-14 23:24:43,279 INFO  Main: Начало скачек. Количество участников: 7
2022-09-14 23:24:44,274 INFO  Main: Окончание скачек. Победитель: Лобстер
2022-09-14 23:32:53,924 DEBUG Hippodrome: ???????? Hippodrome, ??????? [7]
2022-09-14 23:32:53,929 INFO  Main: Начало скачек. Количество участников: 7
2022-09-14 23:32:54,904 INFO  Main: Окончание скачек. Победитель: Лобстер
2022-09-14 23:34:15,591 DEBUG Hippodrome: ???????? Hippodrome, ??????? 7
2022-09-14 23:34:15,595 INFO  Main: Начало скачек. Количество участников: 7
2022-09-14 23:34:16,558 INFO  Main: Окончание скачек. Победитель: Вишня
2022-09-14 23:35:32,416 DEBUG Hippodrome: Sozdanie Hippodrome, horses 7
2022-09-14 23:35:32,419 INFO  Main: Начало скачек. Количество участников: 7
2022-09-14 23:35:33,374 INFO  Main: Окончание скачек. Победитель: Пегас
2022-09-14 23:36:10,552 DEBUG Hippodrome: ???????? Hippodrome, horses 7
2022-09-14 23:36:10,556 INFO  Main: Начало скачек. Количество участников: 7
2022-09-14 23:36:11,514 INFO  Main: Окончание скачек. Победитель: Лобстер
2022-09-14 23:38:04,248 DEBUG Hippodrome: Создание Hippodrome, horses 7
2022-09-14 23:38:04,256 INFO  Main: Начало скачек. Количество участников: 7
2022-09-14 23:38:05,102 INFO  Main: Окончание скачек. Победитель: Туз Пик
2022-09-14 23:38:44,750 DEBUG Hippodrome: Создание Hippodrome, лошадей [7]
2022-09-14 23:38:44,806 INFO  Main: Начало скачек. Количество участников: 7
2022-09-14 23:38:45,714 INFO  Main: Окончание скачек. Победитель: Лобстер
2022-09-14 23:45:11,120 DEBUG Horse: ???????? Horse, ??? [Буцефал], ???????? [2.4]
2022-09-14 23:45:11,125 DEBUG Horse: ???????? Horse, ??? [Туз Пик], ???????? [2.5]
2022-09-14 23:45:11,125 DEBUG Horse: ???????? Horse, ??? [Зефир], ???????? [2.6]
2022-09-14 23:45:11,126 DEBUG Horse: ???????? Horse, ??? [Пожар], ???????? [2.7]
2022-09-14 23:45:11,126 DEBUG Horse: ???????? Horse, ??? [Лобстер], ???????? [2.8]
2022-09-14 23:45:11,126 DEBUG Horse: ???????? Horse, ??? [Пегас], ???????? [2.9]
2022-09-14 23:45:11,127 DEBUG Horse: ???????? Horse, ??? [Вишня], ???????? [3.0]
2022-09-14 23:45:11,128 DEBUG Hippodrome: Создание Hippodrome, лошадей [7]
2022-09-14 23:45:11,128 INFO  Main: Начало скачек. Количество участников: 7
2022-09-14 23:45:11,951 INFO  Main: Окончание скачек. Победитель: Вишня
2022-09-14 23:45:48,343 DEBUG Horse: Создание Horse, имя [Буцефал], скорость [2.4]
2022-09-14 23:45:48,347 DEBUG Horse: Создание Horse, имя [Туз Пик], скорость [2.5]
2022-09-14 23:45:48,347 DEBUG Horse: Создание Horse, имя [Зефир], скорость [2.6]
2022-09-14 23:45:48,348 DEBUG Horse: Создание Horse, имя [Пожар], скорость [2.7]
2022-09-14 23:45:48,348 DEBUG Horse: Создание Horse, имя [Лобстер], скорость [2.8]
2022-09-14 23:45:48,349 DEBUG Horse: Создание Horse, имя [Пегас], скорость [2.9]
2022-09-14 23:45:48,350 DEBUG Horse: Создание Horse, имя [Вишня], скорость [3.0]
2022-09-14 23:45:48,352 DEBUG Hippodrome: Создание Hippodrome, лошадей [7]
2022-09-14 23:45:48,354 INFO  Main: Начало скачек. Количество участников: 7
2022-09-14 23:45:49,255 INFO  Main: Окончание скачек. Победитель: Лобстер
